  [1m[36m (89.3ms)[0m  [1mCREATE TABLE "schema_migrations" ("version" character varying NOT NULL) [0m
  [1m[35m (63.9ms)[0m  CREATE UNIQUE INDEX  "unique_schema_migrations" ON "schema_migrations"  ("version")
  [1m[36mActiveRecord::SchemaMigration Load (0.5ms)[0m  [1mSELECT "schema_migrations".* FROM "schema_migrations"[0m
Migrating to CreateArticles (20160226145038)
  [1m[35m (0.2ms)[0m  BEGIN
  [1m[36m (89.5ms)[0m  [1mCREATE TABLE "articles" ("id" serial primary key, "title" character varying, "content" text, "created_at" timestamp NOT NULL, "updated_at" timestamp NOT NULL) [0m
  [1m[35mSQL (0.4ms)[0m  INSERT INTO "schema_migrations" ("version") VALUES ($1)  [["version", "20160226145038"]]
  [1m[36m (16.1ms)[0m  [1mCOMMIT[0m
Migrating to CreateAuthors (20160226150100)
  [1m[35m (0.3ms)[0m  BEGIN
  [1m[36m (105.2ms)[0m  [1mCREATE TABLE "authors" ("id" serial primary key, "name" character varying, "email" character varying, "created_at" timestamp NOT NULL, "updated_at" timestamp NOT NULL) [0m
  [1m[35mSQL (18.0ms)[0m  INSERT INTO "schema_migrations" ("version") VALUES ($1)  [["version", "20160226150100"]]
  [1m[36m (14.6ms)[0m  [1mCOMMIT[0m
Migrating to AddAuthorToArticles (20160226150336)
  [1m[35m (0.3ms)[0m  BEGIN
  [1m[36m (0.5ms)[0m  [1mALTER TABLE "articles" ADD "author_id" integer[0m
  [1m[35m (43.5ms)[0m  CREATE  INDEX  "index_articles_on_author_id" ON "articles"  ("author_id")
  [1m[36m (2.1ms)[0m  [1mALTER TABLE "articles" ADD CONSTRAINT "fk_rails_e74ce85cbc"
FOREIGN KEY ("author_id")
  REFERENCES "authors" ("id")
[0m
  [1m[35mSQL (0.3ms)[0m  INSERT INTO "schema_migrations" ("version") VALUES ($1)  [["version", "20160226150336"]]
  [1m[36m (21.0ms)[0m  [1mCOMMIT[0m
Migrating to CreateUsers (20160226201655)
  [1m[35m (0.4ms)[0m  BEGIN
  [1m[36m (46.6ms)[0m  [1mCREATE TABLE "users" ("id" serial primary key, "created_at" timestamp NOT NULL, "updated_at" timestamp NOT NULL) [0m
  [1m[35mSQL (0.3ms)[0m  INSERT INTO "schema_migrations" ("version") VALUES ($1)  [["version", "20160226201655"]]
  [1m[36m (14.9ms)[0m  [1mCOMMIT[0m
  [1m[35mActiveRecord::SchemaMigration Load (0.4ms)[0m  SELECT "schema_migrations".* FROM "schema_migrations"
  [1m[36m (4.0ms)[0m  [1mSELECT t2.oid::regclass::text AS to_table, a1.attname AS column, a2.attname AS primary_key, c.conname AS name, c.confupdtype AS on_update, c.confdeltype AS on_delete
FROM pg_constraint c
JOIN pg_class t1 ON c.conrelid = t1.oid
JOIN pg_class t2 ON c.confrelid = t2.oid
JOIN pg_attribute a1 ON a1.attnum = c.conkey[1] AND a1.attrelid = t1.oid
JOIN pg_attribute a2 ON a2.attnum = c.confkey[1] AND a2.attrelid = t2.oid
JOIN pg_namespace t3 ON c.connamespace = t3.oid
WHERE c.contype = 'f'
  AND t1.relname = 'articles'
  AND t3.nspname = ANY (current_schemas(false))
ORDER BY c.conname
[0m
  [1m[35m (3.1ms)[0m  SELECT t2.oid::regclass::text AS to_table, a1.attname AS column, a2.attname AS primary_key, c.conname AS name, c.confupdtype AS on_update, c.confdeltype AS on_delete
FROM pg_constraint c
JOIN pg_class t1 ON c.conrelid = t1.oid
JOIN pg_class t2 ON c.confrelid = t2.oid
JOIN pg_attribute a1 ON a1.attnum = c.conkey[1] AND a1.attrelid = t1.oid
JOIN pg_attribute a2 ON a2.attnum = c.confkey[1] AND a2.attrelid = t2.oid
JOIN pg_namespace t3 ON c.connamespace = t3.oid
WHERE c.contype = 'f'
  AND t1.relname = 'authors'
  AND t3.nspname = ANY (current_schemas(false))
ORDER BY c.conname

  [1m[36m (3.3ms)[0m  [1mSELECT t2.oid::regclass::text AS to_table, a1.attname AS column, a2.attname AS primary_key, c.conname AS name, c.confupdtype AS on_update, c.confdeltype AS on_delete
FROM pg_constraint c
JOIN pg_class t1 ON c.conrelid = t1.oid
JOIN pg_class t2 ON c.confrelid = t2.oid
JOIN pg_attribute a1 ON a1.attnum = c.conkey[1] AND a1.attrelid = t1.oid
JOIN pg_attribute a2 ON a2.attnum = c.confkey[1] AND a2.attrelid = t2.oid
JOIN pg_namespace t3 ON c.connamespace = t3.oid
WHERE c.contype = 'f'
  AND t1.relname = 'users'
  AND t3.nspname = ANY (current_schemas(false))
ORDER BY c.conname
[0m


Started GET "/" for 127.0.0.1 at 2016-03-01 13:59:46 -0300
  [1m[36mActiveRecord::SchemaMigration Load (0.5ms)[0m  [1mSELECT "schema_migrations".* FROM "schema_migrations"[0m
Processing by WelcomeController#index as HTML
  Rendered welcome/index.html.erb within layouts/application (1.3ms)
Completed 200 OK in 3956ms (Views: 3946.8ms | ActiveRecord: 0.0ms)


Started GET "/assets/application.self-2765619db4319794059b0ba0e1127466f2bde11ead1884dedb7ad6bc7a7d1dba.css?body=1" for 127.0.0.1 at 2016-03-01 13:59:51 -0300


Started GET "/assets/jquery.self-c64a74367bda6ef8b860f19e74df08927ca99d2be2ac934e9e92d5fd361e0da4.js?body=1" for 127.0.0.1 at 2016-03-01 13:59:51 -0300


Started GET "/assets/jquery_ujs.self-d602bdfe68ffc63b9f9cc512872aa3cfff046228a0a36e90dd476e8ef54c1b09.js?body=1" for 127.0.0.1 at 2016-03-01 13:59:51 -0300


Started GET "/assets/home.self-877aef30ae1b040ab8a3aba4e3e309a11d7f2612f44dde450b5c157aa5f95c05.js?body=1" for 127.0.0.1 at 2016-03-01 13:59:51 -0300


Started GET "/assets/articles.self-877aef30ae1b040ab8a3aba4e3e309a11d7f2612f44dde450b5c157aa5f95c05.js?body=1" for 127.0.0.1 at 2016-03-01 13:59:51 -0300


Started GET "/assets/welcome.self-877aef30ae1b040ab8a3aba4e3e309a11d7f2612f44dde450b5c157aa5f95c05.js?body=1" for 127.0.0.1 at 2016-03-01 13:59:51 -0300


Started GET "/assets/bootstrap/affix.self-3555752f8a930795ee9e56751a52e6871104ae85d01b3ab8363da3802a5ecc78.js?body=1" for 127.0.0.1 at 2016-03-01 13:59:51 -0300


Started GET "/assets/bootstrap/alert.self-d8b7bd612b3dcfdefb7b5539b9d5848d66ccbd3e7af8bb8d48bfb3288aaa7be8.js?body=1" for 127.0.0.1 at 2016-03-01 13:59:51 -0300


Started GET "/assets/bootstrap/button.self-e74d33ba39500940a78d6fa4d2d64f6ca7fd86d60a2149641f7fde7ba711d8a1.js?body=1" for 127.0.0.1 at 2016-03-01 13:59:51 -0300


Started GET "/assets/bootstrap/carousel.self-35d204878d906298e55bc24553e11fd89b980fc4ffe5792fe36af8c0da289c54.js?body=1" for 127.0.0.1 at 2016-03-01 13:59:51 -0300


Started GET "/assets/bootstrap/collapse.self-056c40532d9f0f126ec17e839f60c942f573fbd61a086e7f156306e3fc5e8c1f.js?body=1" for 127.0.0.1 at 2016-03-01 13:59:51 -0300


Started GET "/assets/bootstrap/dropdown.self-e56c2ffee4618411d43ecf15c89273f6223847ad756e1cd17545d04afa732ed4.js?body=1" for 127.0.0.1 at 2016-03-01 13:59:51 -0300


Started GET "/assets/bootstrap/modal.self-62463080dba6b9d024ff0a3192da0e76eacbc683194f3395047c6f5cfa0acb59.js?body=1" for 127.0.0.1 at 2016-03-01 13:59:51 -0300


Started GET "/assets/bootstrap/scrollspy.self-52afd90e8ba97d9f08617a13986e8869d6c4a45751c0bff59a6f91241e722aca.js?body=1" for 127.0.0.1 at 2016-03-01 13:59:51 -0300


Started GET "/assets/bootstrap/tab.self-dad0d5c377f9fae26394484535ebb23ccf68afae084f896af6ea4cdf8c9f6ae0.js?body=1" for 127.0.0.1 at 2016-03-01 13:59:51 -0300


Started GET "/assets/bootstrap/tooltip.self-facdc69246a072acb927ded77ff655f7c27a518b9357fddd45d119fbc8a0ab9f.js?body=1" for 127.0.0.1 at 2016-03-01 13:59:51 -0300


Started GET "/assets/bootstrap/popover.self-210cff1fb4b72b71a29b5122180cb5937c8145cd13a934dc838280f1d9607a3e.js?body=1" for 127.0.0.1 at 2016-03-01 13:59:51 -0300


Started GET "/assets/bootstrap/transition.self-3b268d4cd8c79e46ded7392885f72f64ffb5b0d49948a12b8cf9779f6163e13a.js?body=1" for 127.0.0.1 at 2016-03-01 13:59:51 -0300


Started GET "/assets/bootstrap-sprockets.self-fbfa5ad7d9aa0afe439ec4ff3883acc4cb92b62cb67c40d674320c9aa1d4642d.js?body=1" for 127.0.0.1 at 2016-03-01 13:59:51 -0300


Started GET "/assets/application.self-f8806224e027f3e3f0138ea9ce99319e298dfdb323304d1f1be6eae8e8c74724.js?body=1" for 127.0.0.1 at 2016-03-01 13:59:51 -0300


Started GET "/authors" for 127.0.0.1 at 2016-03-01 14:00:00 -0300
Processing by AuthorsController#index as HTML
  Rendered layouts/_flash.html.erb (0.5ms)
  [1m[35mAuthor Load (0.7ms)[0m  SELECT "authors".* FROM "authors"
  Rendered authors/index.html.erb within layouts/application (7.6ms)
Completed 200 OK in 67ms (Views: 59.8ms | ActiveRecord: 1.7ms)


Started GET "/articles" for 127.0.0.1 at 2016-03-01 14:00:01 -0300
Processing by ArticlesController#index as HTML
  Rendered layouts/_flash.html.erb (0.1ms)
  [1m[36mArticle Load (0.6ms)[0m  [1mSELECT "articles".* FROM "articles"[0m
  Rendered articles/index.html.erb within layouts/application (3.5ms)
Completed 200 OK in 52ms (Views: 46.9ms | ActiveRecord: 1.0ms)


Started GET "/" for 127.0.0.1 at 2016-03-01 14:00:02 -0300
Processing by WelcomeController#index as HTML
  Rendered welcome/index.html.erb within layouts/application (0.7ms)
Completed 200 OK in 54ms (Views: 53.4ms | ActiveRecord: 0.0ms)


Started GET "/home/index" for 127.0.0.1 at 2016-03-01 14:00:03 -0300
Processing by HomeController#index as HTML
  Rendered home/index.html.erb within layouts/application (0.5ms)
Completed 200 OK in 58ms (Views: 57.4ms | ActiveRecord: 0.0ms)


Started GET "/assets/bootstrap/glyphicons-halflings-regular-fe185d11a49676890d47bb783312a0cda5a44c4039214094e7957b4c040ef11c.woff2" for 127.0.0.1 at 2016-03-01 14:00:03 -0300
